Build started 2015-12-15 16:05:12.
     1>Project "C:\Users\Isadora\OneDrive\Dokument\Studier\MAH\HT15\C++\Lab3\Lab3\Lab3.vcxproj" on node 2 (Build target(s)).
     1>ClCompile:
         C:\Program Files (x86)\Microsoft Visual Studio 14.0\VC\bin\CL.exe /c /ZI /nologo /W3 /WX- /sdl /Od /Oy- /D WIN32 /D _DEBUG /D _CONSOLE /D _UNICODE /D UNICODE /Gm /EHsc /RTC1 /MDd /GS /fp:precise /Zc:wchar_t /Zc:forScope /Zc:inline /Yu"stdafx.h" /Fp"Debug\Lab3.pch" /Fo"Debug\\" /Fd"Debug\vc140.pdb" /Gd /TP /analyze- /errorReport:prompt Lab3.cpp String.cpp
         Lab3.cpp
     1>c:\users\isadora\onedrive\dokument\studier\mah\ht15\c++\lab3\lab3\lab3.cpp(1): warning C4603: '_CRTDBG_MAP_ALLOC': macro is not defined or definition is different after precompiled header use
         c:\users\isadora\onedrive\dokument\studier\mah\ht15\c++\lab3\lab3\lab3.cpp(1): note: Add macro to precompiled header instead of defining here
         c:\users\isadora\onedrive\dokument\studier\mah\ht15\c++\lab3\lab3\lab3.cpp(8): note: use of precompiled header
     1>c:\users\isadora\onedrive\dokument\studier\mah\ht15\c++\lab3\lab3\lab3.cpp(4): warning C4603: 'DBG_NEW': macro is not defined or definition is different after precompiled header use
         c:\users\isadora\onedrive\dokument\studier\mah\ht15\c++\lab3\lab3\lab3.cpp(4): note: Add macro to precompiled header instead of defining here
         c:\users\isadora\onedrive\dokument\studier\mah\ht15\c++\lab3\lab3\lab3.cpp(8): note: use of precompiled header
     1>c:\users\isadora\onedrive\dokument\studier\mah\ht15\c++\lab3\lab3\lab3.cpp(5): warning C4603: 'new': macro is not defined or definition is different after precompiled header use
         c:\users\isadora\onedrive\dokument\studier\mah\ht15\c++\lab3\lab3\lab3.cpp(5): note: Add macro to precompiled header instead of defining here
         c:\users\isadora\onedrive\dokument\studier\mah\ht15\c++\lab3\lab3\lab3.cpp(8): note: use of precompiled header
         Generating Code...
     1>c:\users\isadora\onedrive\dokument\studier\mah\ht15\c++\lab3\lab3\stringitt.h(49): warning C4172: returning address of local variable or temporary
     1>c:\users\isadora\onedrive\dokument\studier\mah\ht15\c++\lab3\lab3\stringitt.h(78): warning C4172: returning address of local variable or temporary
         Skipping... (no relevant changes detected)
         String.cpp
       Link:
         C:\Program Files (x86)\Microsoft Visual Studio 14.0\VC\bin\link.exe /ERRORREPORT:PROMPT /OUT:"C:\Users\Isadora\OneDrive\Dokument\Studier\MAH\HT15\C++\Lab3\Debug\Lab3.exe" /INCREMENTAL /NOLOGO kernel32.lib user32.lib gdi32.lib winspool.lib comdlg32.lib advapi32.lib shell32.lib ole32.lib oleaut32.lib uuid.lib odbc32.lib odbccp32.lib /MANIFEST /MANIFESTUAC:"level='asInvoker' uiAccess='false'" /manifest:embed /Debug /PDB:"C:\Users\Isadora\OneDrive\Dokument\Studier\MAH\HT15\C++\Lab3\Debug\Lab3.pdb" /SUBSYSTEM:CONSOLE /TLBID:1 /DYNAMICBASE /NXCOMPAT /IMPLIB:"C:\Users\Isadora\OneDrive\Dokument\Studier\MAH\HT15\C++\Lab3\Debug\Lab3.lib" /MACHINE:X86 Debug\Lab3.obj
         Debug\stdafx.obj
         Debug\String.obj
         Lab3.vcxproj -> C:\Users\Isadora\OneDrive\Dokument\Studier\MAH\HT15\C++\Lab3\Debug\Lab3.exe
     1>Done Building Project "C:\Users\Isadora\OneDrive\Dokument\Studier\MAH\HT15\C++\Lab3\Lab3\Lab3.vcxproj" (Build target(s)).

Build succeeded.

Time Elapsed 00:00:01.06
